{\cal B}f(x)=\int_{\reals_{\xi}^D}\int_{\reals_y^D} {\rm e}^{i(x-y)\xi}\Lambda (x,\xi)f(y) {d^D\xi\over (2\pi)^D}d^Dy + {\cal T}f(x),
\Lambda =\sum_{j=0}^{\infty}\tilde u_{m-j},
\tilde u_{m-j}(x,t\xi)=t^{m-j}\tilde u_{m-j}(x,\xi)\ \ \  t>0
\tilde u_k(x,\xi)=u_k(x,\theta)|\xi |^k,
[A,B]=A\circ B -B\circ A
A\circ B=\sum_{\alpha}{1\over\alpha !}\partial^{\alpha}_{\xi} A\partial_x^{\alpha}B
{\rm deg}\ \tilde u(x,\xi)=j\ \iff\ \tilde u(x,t\xi)=t^j \tilde u(x,\xi)
R^D_p\circ R^D_q =R_{p+q}^D,
\Gr_p R^D\equiv R^D_p/R^D_{p-1}.
R^D_p\times R^D_q\comap{\circ} R^D_{p+q}\comap{\gr _{p+q}} \Gr_{p+q}R^D
\Gr_p R^D\times\Gr_q R^D\rightarrow\Gr_{p+q} R^D,
R^D_p \times R^D_q \comap{\comm{}{}} R^D_{p+q-1} \comap{\gr_{p+q-1}} \Gr_{p+q-1} R^D
\pb{}{} : \Gr_p R^D \times \Gr_q R^D \to \Gr_{p+q-1} R^D~.
\veqnalign{ \pb{\gr_p(A)}{\gr_q(B) \gr_s(C)} = \pb{\gr_p(A)}{\gr_{q+s}(BC)}\cr  =\gr_{p+q+s-1} \comm{A}{BC}\cr  =\gr_{p+q+s-1} (\comm{A}{B}C) + \gr_{p+q+s-1} (B\comm{A}{C})\cr  =\gr_{p+q-1}\comm{A}{B} \gr_s(C) + \gr_q(B) \gr_{p+s-1}\comm{A}{C}\cr  =\pb{\gr_p(A)}{\gr_q(B)} \gr_s(C) + \pb{\gr_p(A)}{\gr_s(C)} \gr_q(B)~.\cr}
A\circ_{\hbar} B\equiv\sum_{\alpha}{\hbar^{|\alpha |}\over \alpha !}{\partial^{\alpha}A\over\partial\xi_{\alpha}} {\partial^{\alpha}B\over\partial x^{\alpha}},
\pb{A}{B}\equiv \lim_{\hbar\rightarrow 0}{1\over\hbar} \comm{A}{B}_{\hbar} =\sum_{j=1}^{D}\left(\pder{A}{\xi_j}\pder{B}{x^j}- \pder{B}{\xi_j}\pder{A}{x^j}\right),
F[\Lambda ]=\int f(u),
D_A F=\left.\der{}{\epsilon}\int f(u_j+\epsilon a_j) \right\vert_{ \epsilon=0}.
\pb{f}{g}={\cal L}_{H_f}g=\omega (H_f ,H_g)=i(H_g)i(H_f)\omega ,
\omega(H_f,\cdot)=-df.
\omega =\sum_{j=1}^D dx^j\wedge d\xi_j .
\chi_t :\xi\mapsto t\xi
\chi_t^*\omega =t\omega.
\sigma=\sum_{j=1}^D \xi_j\pder{}{\xi_j}.
\alpha =i(\sigma )\omega\ \ {\rm and}\ \  \mu =\alpha\wedge (d\alpha) ^{D-1}.
\chi_t^*\alpha =t\alpha\ \ {\rm and}\ \ \chi_t^*\mu =t^D\mu,
{\cal L}_{\sigma}\alpha =\alpha,\ \ d\mu =\omega ^D,\ \ {\cal L}_{\sigma}\mu =D\mu.
\pb{f}{g}\omega^D =Ddf\wedge dg\wedge\omega^{D-1}.
\eqalign{ 0=  i(H_f)i(H_g)\omega^{D+1}=-(D+1)i(H_f)(dg\wedge \omega^D)\cr =  -(D+1)(i(H_f)dg\wedge\omega^D - dg\wedge i(H_f) \omega^D)\cr =  -(D+1)(dg(H_f)\omega^D +Ddg\wedge df\wedge \omega^{D-1})\cr =  (D+1)(Ddf\wedge dg\wedge\omega^{D-1} -\pb{f}{g}\omega^D).\cr}
\pb{f}{g}\mu =d(gi(H_f)\mu )-(D-1)gdf\wedge\omega^{D-1} -\L_{\sigma}(gdf)\wedge\omega^{D-1}.
\pb{f}{g}\mu ={1\over D}i(\sigma )\pb{f}{g}\omega^D .
\eqalign{\pb{f}{g}\mu =  i(\sigma )(df\wedge dg\wedge\omega ^{D-1})\cr =  {1\over D}i(\sigma )(dg\wedge i(H_f)\omega^D)\cr =  {1\over D}i(\sigma )d(gi(H_f)\omega^D),\cr}
\eqalign{\pb{f}{g}\mu =  {1\over D}\L_{\sigma}(gi(H_f)\omega^D) -{1\over D}d(gi({\sigma})i(H_f)\omega^D)\cr =  -\L_{\sigma}(gdf\wedge\omega^{D-1})+{1\over D}d(gi(H_f) i(\sigma )\omega^D)\cr =  -\L_{\sigma}(gdf)\wedge\omega^{D-1}-(D-1)gdf\wedge\omega^{D-1} +d(gi(H_f)\mu ).\cr}
\L_{\sigma} f =p f.
\pb{f}{g}\mu =d(gi(H_{f})\mu )-(p+q +D-1)g df\wedge\omega ^{D-1}.
{\rm Res} f=\cases{f\mu  if $f\in\Gr_{-D}R^D$\cr 0  otherwise.\cr}
\rho^*f\mu =f\mu.
\Tr f=\int_Z {\rm Res} f.
\Tr \pb{f}{g}=\int_Z\pb{f}{g}\mu
\Tr \pb{f}{g}=\int_Z d(gi(H_f)\mu )-(p+q-1+D)gdf\wedge\omega^{D-1}=0.
X (\partial_A )=\Tr AX.
dF(\partial_A)=\partial_A F.
J(X)=\{ \Lambda,X\}_{\oplus}\Lambda  -\{ \Lambda,(\Lambda X)_+\}.
J(X)=-\{ \Lambda,X\}_{\ominus}\Lambda  +\{ \Lambda,(\Lambda X)_-\}.
\omega (\Omega (X ),\Omega (Y))= \Tr XY.
\pb{F}{G}_{GD}=\omega(\Omega(dF),\Omega(dG))=\Tr J(dF)dG,
\eqalign{\pb{F}{G}_{GD}=  \Tr J(dF)dG\cr =  \Tr\left(\pb{\Lambda}{dF}_{\oplus}\Lambda dG -\pb{\Lambda}{(\Lambda dF)_+} dG\right)\cr =  \Tr\left(-\pb{\Lambda}{(\Lambda dG)_-}dF +\pb{\Lambda}{dG}_{\ominus} dF\right)\cr =  -\Tr J(dG)dF =-\pb{G}{F}_{GD}\thinspace ,\cr}
\eqalign{d\omega (\partial_{J(X)},\partial_{J(Y)},\partial_{J(Z)}) =  \partial_{J(X)}\omega(\partial_{J(Y)},\partial_{J(Z)})\cr   -\omega (\comm{\partial_{J(X)}}{\partial_{J(Y)}} ,\partial_{J(Z)})+ {\rm c.p.}\cr}
\comm{\partial_{J(X)}}{\partial_{J(Y)}}= \partial_{J(\dlb{X}{Y})},
\eqalign{\dlb{X}{Y}= \partial_{J(X)}Y -\partial_{J(Y)}X +\cr  +\pb{X}{\Lambda}_{\ominus}Y+\pb{(\Lambda X)_-}{Y}+ \pb{Y}{\Lambda}_{\oplus}X +\pb{(\Lambda Y)_+}{X}\cr}
d\omega(\partial_{J(X)},\partial_{J(Y)},\partial_{J(Z)}) =0,
J(X)=J^2(X)+\lambda J^1(X),
J^1(X)=-\pb{\Lambda}{X}_{\ominus} +\pb{\Lambda}{X_-}.
J^{1,2}(X)=\sum_{i,j\geq 1} (J^{1,2}_{ij}\cdot X_j) |\xi |^{m-j},
l_A =\Tr A\Lambda\ \ {\rm and}\ \ l_B=\Tr B\Lambda,
dl_A= a |\xi |^{i-m-D}\ \ {\rm and }\ \ dl_B=b |\xi |^{j-m-D},
\pb{l_A}{l_B}_{GD}^{1,2}=\int (J^{1,2}_{ij}\cdot a)b.
\pb{u_i(x,\theta )}{u_j(x',\theta ')}^{1,2}= -J_{ij}^{1,2}\cdot \delta^D (x-x')\delta (\theta -\theta '),
\Lambda =\xi+\sum_{j\geq 0}u_j\xi^{-j}.
\eqalign{J_{00}=  \partial ,\cr J_{j0}=  u_{j-1}\partial ,\cr J_{0j}=  \partial u_{j-1}.\cr}
\eqalign {J_{ij}=  iu_{i+j-1}\partial +j\partial u_{i+j-1} +(1-j)u_{i-1}\partial u_{j-1}\cr  +\sum_{k=0}^{j-2}\left( (i-k-1)u_{i+j-k-2}\partial u_k +(j-k-1) u_k\partial u_{i+j-k-2}\right).\cr}
\eqalign {J^{(0)}_{ij}=  iu_{i+j-1}\partial +j\partial u_{i+j-1} -ju_{i-1}\partial u_{j-1}\cr  +\sum_{k=1}^{j-2}\left( (i-k-1)u_{i+j-k-2}\partial u_k +(j-k-1) u_k\partial u_{i+j-k-2}\right),\cr}
\veqnalign{J_{n-1,n-1}  = -n\d~,\cr J_{i,n-1}  = -(i+1)u_{i+1}\d~,\cr J_{n-1,j}  = -(j+1)\d u_{j+1}~,\cr J_{ij}  = (n-j-1) \d u_{i+2+j-n} + (n-i-1) u_{i+2+j-n}\du_{i+1}\d u_{j+1}~,\cr}
\eqalign{J_{00}=  -n\partial ,\cr J_{j0}=  (j-n)u_{j-1}\partial ,\cr J_{0j}=  (j-n)\partial u_{j-1}.\cr}
\eqalign {J_{ij}=  iu_{i+j-1}\partial +j\partial u_{i+j-1} -(n-i)u_{i-1}\partial u_{j-1}\cr  \sum_{k=0}^{j-2}\left( (i-k-1)u_{i+j-k-2}\partial u_k +(j-k-1) u_k\partial u_{i+j-k-2}\right).\cr}
J_{ij}^{(0)}=J_{ij}+{(j-n)(i-n)\over n}u_{i-1}\partial u_{j-1}.
w_{KZ}\simeq w_{n\rightarrow\infty}.
J(X)=-\pb{\Lambda}{X_+}_{\ominus}.
J_{ij}=(i-1)u_{i+j-2}\partial +(j-1)\partial u_{i+j-2}
\pb{u_i^t(z,\bar z)}{u_j^p(z',\bar z')}=-J_{ij}^{tp}\cdot \delta (z-z')\delta (\bar z-\bar z'),
u_j(x,\theta )=\sum_{p\in\integ}u_j^p{\rm e}^{ip\theta },
\pder{\Lambda}{t_n}=\comm{\Lambda_+^n}{\Lambda} = \comm{\Lambda}{\Lambda_-^n},
\pder{\Lambda}{t_n}=\pb{\Lambda_+^n}{\Lambda} = \pb{\Lambda}{\Lambda_-^n}.
\dpder{\Lambda}{t_i}{t_j} = \dpder{\Lambda}{t_j}{t_i}\ .
\pder{\Lambda}{t_k}=J^1(dH_{k+1})=J^2(dH_k)
dH_k =\Lambda^{k-1}\ {\rm mod}R^D_{-D}.
\pder{H_k}{t_j}=\Tr\pb{\Lambda^j_+}{H_k}=0
{\pb{H_k}{H_j}}^1_{GD}={\pb{H_k}{H_j}}^2_{GD}=0,
W_3
W_n
S(1)
c<1
w_{KP}
w_n
W_n
D>2
c>1
w_{\infty}
n\rightarrow\infty
w_n
w_{\infty}
w_{n\rightarrow\infty}
S(1)
w_n
W_n
{\cal B}
{\cal B} :C^{\infty}_{comp}(X)\rightarrow C^{\infty}(X)
\cal T
\Lambda
|\xi |
|\xi |\rightarrow\infty
\Lambda (x, \xi)\in C^{\infty} (T^*X\backslash 0)
|\xi|\rightarrow\infty
\theta
\reals^D
u_m
m\in\integ
M^m_D
M^m_D
M^m_D
\circ
\alpha
\partial_x
R^D
R^D
t>0
R^D_p
R^D
R^D
\Gr R^D\equiv\bigoplus_p\Gr_p R^D
\Gr R^D
\Gr R^D
\comm{A}{B}
R^D
\Gr\, R^D
A\in R^D_p
B\in R^D_q
\comm{A}{B} \in R^D_{p+q-1}
R^D_{p+q}
\Gr\,R^D
\comm{A}{B}
\Gr_{p+q-1}R^D
R^D_{p-1}
A\in R^D_{p-1}
\comm{A}{B} \in R^D_{p+q-2}
R^D_{q-1}
\comm{}{}
R^D
\pb{}{}
\Gr\,R^D
\Gr\,R^D
A\in R^D_p
B\in R^D_q
C\in R^D_s
\Gr\,R^D
(x^i,\xi_i)
\hbar
\hbar =0
\hbar =1
\hbar
\xi
\circ_{\hbar}
\hbar
\hbar\rightarrow 0
\hbar
M^m_D
M^m_D
M^m_D
f(u)
u_j
\int
T_{\Lambda}M^m_D
\Lambda
\Lambda
R^D_{m-1}
A\in R^D_ {m-1}
A=\sum_{j\leq m-1}a_j(x,\theta)|\xi|^j
D_A
T_{\Lambda}^{*}M^m_D
T_{\Lambda}M^m_D
\omega
Y\equiv X\times\reals^D
\omega
t\in\reals^{\times}_{+}
d\alpha =di(\sigma)\omega=di(\sigma)\omega + i(\sigma)d\omega={\cal L}_{\sigma}\omega =\omega
\sigma
\chi_{exp\,t}
\alpha
\L_{H_f}\omega =0
f\in\Gr_p R^D
f\in\Gr_p R^D
g\in\Gr_q R^D
\L_{\sigma}(g df )=(p+q)g df
\reals^{\times}_+
Y/ \reals_+^{\times}= Z
Y\rightarrow Z
\rho
f\mu
\reals_+^{\times}
f\in\Gr_{-D}R^D\Rightarrow\L_{\sigma}(f\mu )=0
i(\sigma )
f\mu
f\in\Gr_p R^D
g\in\Gr_q R^D
\Tr\pb{f}{g} =0
\pb{f}{g}\in\Gr_{-D}R^D
\int
\pb{f}{g}\in \Gr_{p+q-1}R^D
\qed
M^m_D
R^1
R^D_{[q,p]}\equiv\bigoplus_{j=q}^p\Gr_j R^D
R^D_+\equiv R^D_{[1,\infty )}
R^D_-\equiv R^D_{(-\infty ,0]}
R^D_{\oplus}\equiv R^D_{[-D,\infty ) }
R^D_{\ominus}\equiv R^D_{(-\infty ,-D-1]}
A_+
A_-
A_{\oplus}
A_{\ominus}
R^D_+
R^D_-
R^D_{\oplus}
R^D_{\ominus}
\oplus
\ominus
\Tr A_- B_-
R^D_{\ominus}
R^D_+
R^D_{\oplus}
R^D_-
R^D_{m-1}
M^m_D
R^D_{[-D-m+1,\infty )}
A\in R^D_{m-1}
X\in R^D_{[-D-m+1,\infty )}
\partial_A
J(X)\in R^D_{m-1}
T_{\Lambda}M^m_D
\Lambda_- =0
u_i
\Omega
X\mapsto\partial_{J(X)}
\omega
\Omega
\omega
\Tr A_+B_{\oplus}=\Tr A_-B_{\ominus}=0
d\omega
\Omega
Y\in R^D_{[-D-m+1,\infty )}
\omega
d\omega =0
\partial_{J(X)}
\partial_{J(Y)}
\partial_{J(Z)}
\Omega
\omega
d\omega
\Lambda\to\Lambda +\lambda
\lambda
J^2
J^1
u_j(x,\theta )
u_j
J(X)
\sum_{j\geq 1}X_j(x,\theta )|\xi |^{j-m-D}
J_{ij}
X_j
A=a(x,\theta )|\xi |^{i-m-D}
B=b(x,\theta )|\xi |^ {j-m-D}
\delta (\theta -\theta ')
S^{D-1}
\int
w_{KP}
w_{KZ}
n\rightarrow\infty
w_n
u_0=0
i,j\geq 0
u_0=0
i,j=0,1,\ldots,n-2
u_{l< 0}=0
u_{n-j-1}\mapsto u_j
i,j\geq 0
u_0=0
n\rightarrow\infty
u_0=u_1=0
w_{\infty}
M^m_D
u_1(x,\theta )=u_2(x,\theta )=0
z={1\over 2}(x^2+ix^1)
\bar z
u_{j<3}^t=0
t\in\integ
u_3^1
u_3^{-1}
u_3^1\equiv 2P_{\bar z}
u_3^{-1}\equiv 2P_z
u_j^t
u_j^{j-2},u_j^{j-4},....,u_j^{-j+2}
(j-2)
u_j(x,\theta )
j\leq m+2
\Lambda=\xi +\sum_{i\geq 0}u_i\xi^{-i}
i,j\in\nats
w_{KP}
w_{1+\infty}
\Lambda
M_D^1
R^D_{[1,\infty )}
H_k={1\over k}\Tr\Lambda^k
H_k
k,j\in\nats
w_{KZ}
c=1
w_{KZ}\simeq w_{n\to\infty}
D>1
R^D =R_+^D\oplus R_-^D
\Lambda\in M_D^1
\Lambda
D>1
